<?xml version="1.0" encoding="UTF-8"?>
<!-- Generated by org.testng.reporters.JUnitReportReporter -->
<testsuite skipped="0" hostname="TYSS-4F-Wacom02" name="scripts.Validlogin" tests="1" failures="0" timestamp="03 Aug 2018 05:28:17 GMT" time="30.982" errors="0">
  <testcase name="testcase1" time="30.982" classname="scripts.Validlogin"/>
</testsuite> <!-- scripts.Validlogin -->
