<?xml version="1.0" encoding="UTF-8"?>
<!-- Generated by org.testng.reporters.JUnitReportReporter -->
<testsuite skipped="0" hostname="TYSS-4F-Wacom02" name="scripts.Invalidlogin" tests="1" failures="0" timestamp="03 Aug 2018 05:28:17 GMT" time="16.444" errors="0">
  <testcase name="testcase3" time="16.444" classname="scripts.Invalidlogin"/>
</testsuite> <!-- scripts.Invalidlogin -->
